TN:
SF:src/app.ts
FN:17,AppController
FN:23,middlewares
FN:28,routes
FNF:3
FNH:3
FNDA:7,AppController
FNDA:7,middlewares
FNDA:7,routes
DA:1,1
DA:2,1
DA:3,1
DA:4,1
DA:5,1
DA:6,1
DA:7,1
DA:8,1
DA:9,1
DA:10,1
DA:11,1
DA:12,1
DA:13,1
DA:14,1
DA:15,1
DA:16,1
DA:17,1
DA:18,7
DA:19,7
DA:20,7
DA:21,7
DA:22,1
DA:23,1
DA:24,7
DA:25,7
DA:26,7
DA:27,1
DA:28,1
DA:29,7
DA:30,7
DA:31,1
LF:31
LH:31
BRDA:17,0,0,7
BRDA:23,1,0,7
BRDA:28,2,0,7
BRF:3
BRH:3
end_of_record
TN:
SF:src/routes.ts
FNF:0
FNH:0
DA:1,1
DA:2,1
DA:3,1
DA:4,1
DA:5,1
DA:6,1
DA:7,1
DA:8,1
DA:9,1
DA:10,1
DA:11,1
DA:12,6
DA:13,1
DA:14,1
DA:15,1
DA:16,2
DA:17,1
DA:18,1
DA:19,1
DA:20,6
DA:21,1
DA:22,1
DA:23,1
DA:24,2
DA:25,1
DA:26,1
DA:27,1
DA:28,3
DA:29,1
DA:30,1
DA:31,1
DA:32,5
DA:33,1
DA:34,1
DA:35,1
LF:35
LH:35
BRDA:11,0,0,6
BRDA:15,1,0,2
BRDA:19,2,0,6
BRDA:23,3,0,2
BRDA:27,4,0,3
BRDA:31,5,0,5
BRF:6
BRH:6
end_of_record
TN:
SF:src/server.ts
FN:1,(empty-report)
FNF:1
FNH:0
FNDA:0,(empty-report)
DA:1,0
DA:2,0
DA:3,0
DA:4,0
DA:5,0
DA:6,0
DA:7,0
LF:7
LH:0
BRDA:1,0,0,0
BRF:1
BRH:0
end_of_record
TN:
SF:src/controllers/AddComputerController.ts
FN:5,AddComputerController
FN:7,handle
FNF:2
FNH:2
FNDA:7,AddComputerController
FNDA:6,handle
DA:1,1
DA:2,1
DA:3,1
DA:4,1
DA:5,1
DA:6,1
DA:7,1
DA:8,6
DA:9,6
DA:10,6
DA:11,6
DA:12,6
DA:13,6
DA:14,6
DA:15,6
DA:16,6
DA:17,6
DA:18,1
DA:19,1
DA:20,1
DA:21,1
DA:22,6
DA:23,1
LF:23
LH:23
BRDA:5,0,0,7
BRDA:7,1,0,6
BRDA:17,2,0,1
BRDA:19,3,0,0
BRDA:19,4,0,0
BRF:5
BRH:3
end_of_record
TN:
SF:src/controllers/AddComputerToUserController.ts
FN:5,AddComputerToUserController
FN:7,handle
FNF:2
FNH:2
FNDA:7,AddComputerToUserController
FNDA:3,handle
DA:1,1
DA:2,1
DA:3,1
DA:4,1
DA:5,1
DA:6,1
DA:7,1
DA:8,3
DA:9,3
DA:10,3
DA:11,3
DA:12,3
DA:13,3
DA:14,3
DA:15,3
DA:16,3
DA:17,3
DA:18,2
DA:19,2
DA:20,2
DA:21,2
DA:22,3
DA:23,1
LF:23
LH:23
BRDA:5,0,0,7
BRDA:7,1,0,3
BRDA:17,2,0,2
BRDA:19,3,0,0
BRDA:19,4,0,0
BRF:5
BRH:3
end_of_record
TN:
SF:src/controllers/AddUserController.ts
FN:6,AddUserController
FN:8,handle
FNF:2
FNH:2
FNDA:7,AddUserController
FNDA:6,handle
DA:1,1
DA:2,1
DA:3,1
DA:4,1
DA:5,1
DA:6,1
DA:7,1
DA:8,1
DA:9,6
DA:10,6
DA:11,6
DA:12,6
DA:13,6
DA:14,6
DA:15,6
DA:16,6
DA:17,6
DA:18,6
DA:19,1
DA:20,1
DA:21,1
DA:22,1
DA:23,6
DA:24,1
LF:24
LH:24
BRDA:6,0,0,7
BRDA:8,1,0,6
BRDA:18,2,0,1
BRDA:20,3,0,0
BRDA:20,4,0,0
BRF:5
BRH:3
end_of_record
TN:
SF:src/controllers/GetComputersController.ts
FN:6,GetComputersController
FN:8,handle
FNF:2
FNH:2
FNDA:7,GetComputersController
FNDA:2,handle
DA:1,1
DA:2,1
DA:3,1
DA:4,1
DA:5,1
DA:6,1
DA:7,1
DA:8,1
DA:9,2
DA:10,2
DA:11,2
DA:12,2
DA:13,2
DA:14,0
DA:15,0
DA:16,0
DA:17,0
DA:18,2
DA:19,1
LF:19
LH:15
BRDA:6,0,0,7
BRDA:8,1,0,2
BRDA:13,2,0,0
BRF:3
BRH:2
end_of_record
TN:
SF:src/controllers/GetUserDataController.ts
FN:6,GetUserDataController
FN:8,handle
FNF:2
FNH:2
FNDA:7,GetUserDataController
FNDA:2,handle
DA:1,1
DA:2,1
DA:3,1
DA:4,1
DA:5,1
DA:6,1
DA:7,1
DA:8,1
DA:9,2
DA:10,2
DA:11,2
DA:12,2
DA:13,2
DA:14,2
DA:15,2
DA:16,2
DA:17,2
DA:18,2
DA:19,2
DA:20,1
LF:20
LH:20
BRDA:6,0,0,7
BRDA:8,1,0,2
BRDA:16,2,0,0
BRDA:16,3,0,0
BRF:4
BRH:2
end_of_record
TN:
SF:src/controllers/SetWeeklyJourneyToUserController.ts
FN:5,SetWeeklyJourneyToUserController
FN:7,handle
FNF:2
FNH:2
FNDA:7,SetWeeklyJourneyToUserController
FNDA:5,handle
DA:1,1
DA:2,1
DA:3,1
DA:4,1
DA:5,1
DA:6,1
DA:7,1
DA:8,5
DA:9,5
DA:10,5
DA:11,5
DA:12,5
DA:13,5
DA:14,5
DA:15,5
DA:16,5
DA:17,5
DA:18,4
DA:19,4
DA:20,4
DA:21,4
DA:22,5
DA:23,1
LF:23
LH:23
BRDA:5,0,0,7
BRDA:7,1,0,5
BRDA:17,2,0,4
BRDA:19,3,0,0
BRDA:19,4,0,0
BRF:5
BRH:3
end_of_record
TN:
SF:src/model/entities/CanUserAccessComputer.ts
FN:1,(empty-report)
FNF:1
FNH:0
FNDA:0,(empty-report)
DA:1,0
DA:2,0
DA:3,0
LF:3
LH:0
BRDA:1,0,0,0
BRF:1
BRH:0
end_of_record
TN:
SF:src/model/entities/Computer.ts
FN:4,Computer
FN:6,getHostname
FN:10,getDepartment
FNF:3
FNH:3
FNDA:9,Computer
FNDA:10,getHostname
FNDA:1,getDepartment
DA:1,1
DA:2,1
DA:3,1
DA:4,1
DA:5,1
DA:6,1
DA:7,10
DA:8,10
DA:9,1
DA:10,1
DA:11,1
DA:12,1
DA:13,1
LF:13
LH:13
BRDA:4,0,0,9
BRDA:6,1,0,10
BRDA:10,2,0,1
BRF:3
BRH:3
end_of_record
TN:
SF:src/model/entities/DailyJourney.ts
FN:6,DailyJourney
FN:14,setDepartureTime
FN:21,getDayOfWeek
FN:25,getEntryTime
FN:29,getDepartureTime
FNF:5
FNH:3
FNDA:12,DailyJourney
FNDA:12,setDepartureTime
FNDA:11,getDayOfWeek
FNDA:0,getEntryTime
FNDA:0,getDepartureTime
DA:1,1
DA:2,1
DA:3,1
DA:4,1
DA:5,1
DA:6,1
DA:7,12
DA:8,12
DA:9,12
DA:10,12
DA:11,12
DA:12,12
DA:13,1
DA:14,1
DA:15,12
DA:16,2
DA:17,2
DA:18,12
DA:19,12
DA:20,1
DA:21,1
DA:22,11
DA:23,11
DA:24,1
DA:25,1
DA:26,0
DA:27,0
DA:28,1
DA:29,1
DA:30,0
DA:31,0
DA:32,1
DA:33,1
DA:34,1
DA:35,1
DA:36,1
LF:36
LH:32
BRDA:6,0,0,12
BRDA:14,1,0,12
BRDA:15,2,0,2
BRDA:21,3,0,11
BRF:4
BRH:4
end_of_record
TN:
SF:src/model/entities/User.ts
FN:11,User
FN:15,getId
FN:19,getName
FN:23,setWeeklyJourney
FN:27,addComputer
FN:34,isComputerAdded
FN:41,getWeeklyJourney
FN:45,getComputers
FNF:8
FNH:8
FNDA:9,User
FNDA:13,getId
FNDA:1,getName
FNDA:2,setWeeklyJourney
FNDA:5,addComputer
FNDA:5,isComputerAdded
FNDA:1,getWeeklyJourney
FNDA:2,getComputers
DA:1,1
DA:2,1
DA:3,1
DA:4,1
DA:5,1
DA:6,1
DA:7,1
DA:8,1
DA:9,1
DA:10,1
DA:11,1
DA:12,9
DA:13,9
DA:14,1
DA:15,1
DA:16,13
DA:17,13
DA:18,1
DA:19,1
DA:20,1
DA:21,1
DA:22,1
DA:23,1
DA:24,2
DA:25,2
DA:26,1
DA:27,1
DA:28,5
DA:29,1
DA:30,1
DA:31,5
DA:32,5
DA:33,1
DA:34,1
DA:35,5
DA:36,5
DA:37,5
DA:38,5
DA:39,5
DA:40,1
DA:41,1
DA:42,1
DA:43,1
DA:44,1
DA:45,1
DA:46,2
DA:47,2
DA:48,1
LF:48
LH:48
BRDA:11,0,0,9
BRDA:12,1,0,5
BRDA:12,2,0,4
BRDA:15,3,0,13
BRDA:19,4,0,1
BRDA:23,5,0,2
BRDA:27,6,0,5
BRDA:28,7,0,1
BRDA:34,8,0,5
BRDA:38,9,0,4
BRDA:38,10,0,1
BRDA:36,11,0,2
BRDA:41,12,0,1
BRDA:45,13,0,2
BRF:14
BRH:14
end_of_record
TN:
SF:src/model/entities/WeeklyJourney.ts
FN:7,WeeklyJourney
FN:9,addDay
FN:21,isDayAdded
FN:28,getWorkDays
FNF:4
FNH:4
FNDA:8,WeeklyJourney
FNDA:12,addDay
FNDA:10,isDayAdded
FNDA:2,getWorkDays
DA:1,1
DA:2,1
DA:3,1
DA:4,1
DA:5,1
DA:6,1
DA:7,1
DA:8,1
DA:9,1
DA:10,12
DA:11,12
DA:12,12
DA:13,12
DA:14,12
DA:15,12
DA:16,2
DA:17,2
DA:18,12
DA:19,12
DA:20,1
DA:21,1
DA:22,10
DA:23,10
DA:24,10
DA:25,10
DA:26,10
DA:27,1
DA:28,1
DA:29,2
DA:30,2
DA:31,1
LF:31
LH:31
BRDA:7,0,0,8
BRDA:9,1,0,12
BRDA:15,2,0,2
BRDA:21,3,0,10
BRDA:25,4,0,8
BRDA:25,5,0,2
BRDA:23,6,0,5
BRDA:28,7,0,2
BRF:8
BRH:8
end_of_record
TN:
SF:src/model/enums/DayOfWeek.ts
FNF:0
FNH:0
DA:1,9
DA:2,9
DA:3,9
DA:4,9
DA:5,9
DA:6,9
DA:7,9
DA:8,9
DA:9,9
LF:9
LH:9
BRDA:1,0,0,9
BRF:1
BRH:1
end_of_record
TN:
SF:src/model/enums/Departments.ts
FNF:0
FNH:0
DA:1,2
DA:2,2
DA:3,2
DA:4,2
DA:5,2
DA:6,2
LF:6
LH:6
BRDA:1,0,0,2
BRF:1
BRH:1
end_of_record
TN:
SF:src/repositories/IComputersRepository.ts
FN:1,(empty-report)
FNF:1
FNH:0
FNDA:0,(empty-report)
DA:1,0
DA:2,0
DA:3,0
DA:4,0
DA:5,0
DA:6,0
DA:7,0
DA:8,0
DA:9,0
LF:9
LH:0
BRDA:1,0,0,0
BRF:1
BRH:0
end_of_record
TN:
SF:src/repositories/IUsersRepository.ts
FN:1,(empty-report)
FNF:1
FNH:0
FNDA:0,(empty-report)
DA:1,0
DA:2,0
DA:3,0
DA:4,0
DA:5,0
DA:6,0
DA:7,0
DA:8,0
DA:9,0
LF:9
LH:0
BRDA:1,0,0,0
BRF:1
BRH:0
end_of_record
TN:
SF:src/repositories/implementations/ComputersRepositoryMemory.ts
FN:7,ComputersRepositoryMemory
FN:9,findByHostname
FN:13,add
FN:17,getAll
FNF:4
FNH:4
FNDA:7,ComputersRepositoryMemory
FNDA:8,findByHostname
FNDA:5,add
FNDA:2,getAll
DA:1,1
DA:2,1
DA:3,1
DA:4,1
DA:5,1
DA:6,1
DA:7,1
DA:8,1
DA:9,1
DA:10,8
DA:11,8
DA:12,1
DA:13,1
DA:14,5
DA:15,5
DA:16,1
DA:17,1
DA:18,2
DA:19,2
DA:20,1
DA:21,1
DA:22,1
DA:23,1
LF:23
LH:23
BRDA:7,0,0,7
BRDA:9,1,0,8
BRDA:10,2,0,4
BRDA:13,3,0,5
BRDA:17,4,0,2
BRF:5
BRH:5
end_of_record
TN:
SF:src/repositories/implementations/UsersRepositoryMemory.ts
FN:4,UsersRepositoryMemory
FN:7,findById
FN:11,add
FN:15,update
FNF:4
FNH:4
FNDA:7,UsersRepositoryMemory
FNDA:16,findById
FNDA:5,add
FNDA:2,update
DA:1,1
DA:2,1
DA:3,1
DA:4,7
DA:5,7
DA:6,7
DA:7,7
DA:8,16
DA:9,16
DA:10,7
DA:11,7
DA:12,5
DA:13,5
DA:14,7
DA:15,7
DA:16,2
DA:17,2
DA:18,2
DA:19,7
DA:20,1
DA:21,1
DA:22,1
LF:22
LH:22
BRDA:4,0,0,7
BRDA:7,1,0,16
BRDA:8,2,0,9
BRDA:11,3,0,5
BRDA:15,4,0,2
BRDA:16,5,0,2
BRF:6
BRH:6
end_of_record
TN:
SF:src/services/addComputer/AddComputerDTO.ts
FN:1,(empty-report)
FNF:1
FNH:0
FNDA:0,(empty-report)
DA:1,0
DA:2,0
DA:3,0
DA:4,0
DA:5,0
DA:6,0
LF:6
LH:0
BRDA:1,0,0,0
BRF:1
BRH:0
end_of_record
TN:
SF:src/services/addComputer/AddComputerUseCase.ts
FN:6,AddComputerUseCase
FN:8,execute
FNF:2
FNH:2
FNDA:7,AddComputerUseCase
FNDA:6,execute
DA:1,1
DA:2,1
DA:3,1
DA:4,1
DA:5,1
DA:6,1
DA:7,1
DA:8,1
DA:9,6
DA:10,6
DA:11,6
DA:12,6
DA:13,6
DA:14,6
DA:15,1
DA:16,1
DA:17,6
DA:18,6
DA:19,6
DA:20,6
DA:21,6
DA:22,1
LF:22
LH:22
BRDA:6,0,0,7
BRDA:8,1,0,6
BRDA:14,2,0,1
BRF:3
BRH:3
end_of_record
TN:
SF:src/services/addComputer/index.ts
FNF:0
FNH:0
DA:1,1
DA:2,1
DA:3,1
DA:4,1
DA:5,1
DA:6,1
DA:7,1
DA:8,1
LF:8
LH:8
BRF:0
BRH:0
end_of_record
TN:
SF:src/services/addComputerToUser/AddComputerToUserUseCase.ts
FN:8,AddComputerToUserUseCase
FN:13,execute
FNF:2
FNH:2
FNDA:7,AddComputerToUserUseCase
FNDA:3,execute
DA:1,1
DA:2,1
DA:3,1
DA:4,1
DA:5,1
DA:6,1
DA:7,1
DA:8,1
DA:9,7
DA:10,7
DA:11,7
DA:12,1
DA:13,1
DA:14,3
DA:15,3
DA:16,3
DA:17,3
DA:18,1
DA:19,1
DA:20,2
DA:21,2
DA:22,3
DA:23,1
DA:24,1
DA:25,1
DA:26,1
DA:27,1
DA:28,1
DA:29,1
DA:30,1
LF:30
LH:30
BRDA:8,0,0,7
BRDA:13,1,0,3
BRDA:17,2,0,1
BRDA:20,3,0,2
BRDA:22,4,0,1
BRF:5
BRH:5
end_of_record
TN:
SF:src/services/addComputerToUser/IAddComputerToUserDTO.ts
FN:1,(empty-report)
FNF:1
FNH:0
FNDA:0,(empty-report)
DA:1,0
DA:2,0
DA:3,0
DA:4,0
LF:4
LH:0
BRDA:1,0,0,0
BRF:1
BRH:0
end_of_record
TN:
SF:src/services/addComputerToUser/index.ts
FNF:0
FNH:0
DA:1,1
DA:2,1
DA:3,1
DA:4,1
DA:5,1
DA:6,1
DA:7,1
DA:8,1
DA:9,1
DA:10,1
DA:11,1
DA:12,1
DA:13,1
DA:14,1
LF:14
LH:14
BRF:0
BRH:0
end_of_record
TN:
SF:src/services/addUser/AddUserUseCase.ts
FN:6,AddUserUseCase
FN:8,execute
FNF:2
FNH:2
FNDA:7,AddUserUseCase
FNDA:6,execute
DA:1,1
DA:2,1
DA:3,1
DA:4,1
DA:5,1
DA:6,1
DA:7,1
DA:8,1
DA:9,6
DA:10,6
DA:11,6
DA:12,6
DA:13,6
DA:14,6
DA:15,6
DA:16,1
DA:17,1
DA:18,6
DA:19,5
DA:20,5
DA:21,5
DA:22,5
DA:23,5
DA:24,5
DA:25,5
DA:26,1
LF:26
LH:26
BRDA:6,0,0,7
BRDA:8,1,0,6
BRDA:15,2,0,1
BRDA:19,3,0,5
BRF:4
BRH:4
end_of_record
TN:
SF:src/services/addUser/IAddUserDTO.ts
FN:1,(empty-report)
FNF:1
FNH:0
FNDA:0,(empty-report)
DA:1,0
DA:2,0
DA:3,0
DA:4,0
LF:4
LH:0
BRDA:1,0,0,0
BRF:1
BRH:0
end_of_record
TN:
SF:src/services/addUser/index.ts
FNF:0
FNH:0
DA:1,1
DA:2,1
DA:3,1
DA:4,1
DA:5,1
DA:6,1
DA:7,1
DA:8,1
LF:8
LH:8
BRF:0
BRH:0
end_of_record
TN:
SF:src/services/getComputers/GetComputersUseCase.ts
FN:5,GetComputersUseCase
FN:7,execute
FNF:2
FNH:2
FNDA:7,GetComputersUseCase
FNDA:2,execute
DA:1,1
DA:2,1
DA:3,1
DA:4,1
DA:5,1
DA:6,1
DA:7,1
DA:8,2
DA:9,2
DA:10,2
DA:11,1
LF:11
LH:11
BRDA:5,0,0,7
BRDA:7,1,0,2
BRF:2
BRH:2
end_of_record
TN:
SF:src/services/getComputers/index.ts
FNF:0
FNH:0
DA:1,1
DA:2,1
DA:3,1
DA:4,1
DA:5,1
DA:6,1
DA:7,1
DA:8,1
LF:8
LH:8
BRF:0
BRH:0
end_of_record
TN:
SF:src/services/getUserData/GetUserDataUseCase.ts
FN:5,GetUserDataUseCase
FN:7,execute
FNF:2
FNH:2
FNDA:7,GetUserDataUseCase
FNDA:2,execute
DA:1,1
DA:2,1
DA:3,1
DA:4,1
DA:5,1
DA:6,1
DA:7,1
DA:8,2
DA:9,2
DA:10,2
DA:11,1
DA:12,1
DA:13,1
DA:14,1
DA:15,1
DA:16,1
LF:16
LH:16
BRDA:5,0,0,7
BRDA:7,1,0,2
BRDA:10,2,0,1
BRF:3
BRH:3
end_of_record
TN:
SF:src/services/getUserData/index.ts
FNF:0
FNH:0
DA:1,1
DA:2,1
DA:3,1
DA:4,1
DA:5,1
DA:6,1
DA:7,1
DA:8,1
LF:8
LH:8
BRF:0
BRH:0
end_of_record
TN:
SF:src/services/setWeeklyJourneyToUser/ISetWeeklyJourneyToUserDTO.ts
FN:1,(empty-report)
FNF:1
FNH:0
FNDA:0,(empty-report)
DA:1,0
DA:2,0
DA:3,0
DA:4,0
DA:5,0
DA:6,0
DA:7,0
DA:8,0
DA:9,0
LF:9
LH:0
BRDA:1,0,0,0
BRF:1
BRH:0
end_of_record
TN:
SF:src/services/setWeeklyJourneyToUser/SetWeeklyJourneyToUserUseCase.ts
FN:9,SetWeeklyJourneyToUserUseCase
FN:11,execute
FNF:2
FNH:2
FNDA:7,SetWeeklyJourneyToUserUseCase
FNDA:5,execute
DA:1,1
DA:2,1
DA:3,1
DA:4,1
DA:5,1
DA:6,1
DA:7,1
DA:8,1
DA:9,1
DA:10,1
DA:11,1
DA:12,5
DA:13,5
DA:14,5
DA:15,5
DA:16,1
DA:17,1
DA:18,4
DA:19,5
DA:20,1
DA:21,1
DA:22,3
DA:23,3
DA:24,3
DA:25,5
DA:26,5
DA:27,5
DA:28,5
DA:29,5
DA:30,5
DA:31,5
DA:32,1
DA:33,1
DA:34,1
DA:35,1
DA:36,1
DA:37,1
LF:37
LH:37
BRDA:9,0,0,7
BRDA:11,1,0,5
BRDA:15,2,0,1
BRDA:18,3,0,4
BRDA:19,4,0,1
BRDA:22,5,0,3
BRDA:32,6,0,1
BRF:7
BRH:7
end_of_record
TN:
SF:src/services/setWeeklyJourneyToUser/index.ts
FNF:0
FNH:0
DA:1,1
DA:2,1
DA:3,1
DA:4,1
DA:5,1
DA:6,1
DA:7,1
DA:8,1
DA:9,1
DA:10,1
DA:11,1
DA:12,1
LF:12
LH:12
BRF:0
BRH:0
end_of_record
TN:
SF:src/utils/ConvertDayOfWeek.ts
FN:4,stringToEnum
FNF:1
FNH:1
FNDA:5,stringToEnum
DA:1,1
DA:2,1
DA:3,1
DA:4,1
DA:5,5
DA:6,5
DA:7,5
DA:8,0
DA:9,0
DA:10,5
DA:11,5
DA:12,4
DA:13,4
DA:14,5
DA:15,5
DA:16,1
DA:17,1
DA:18,5
DA:19,5
DA:20,0
DA:21,0
DA:22,5
DA:23,5
DA:24,0
DA:25,0
DA:26,5
DA:27,5
DA:28,0
DA:29,0
DA:30,5
DA:31,5
DA:32,0
DA:33,0
DA:34,5
DA:35,5
DA:36,0
DA:37,5
DA:38,5
DA:39,5
DA:40,1
DA:41,1
DA:42,1
DA:43,1
LF:43
LH:32
BRDA:4,0,0,5
BRDA:7,1,0,0
BRDA:11,2,0,4
BRDA:15,3,0,1
BRDA:19,4,0,0
BRDA:23,5,0,0
BRDA:27,6,0,0
BRDA:31,7,0,0
BRDA:35,8,0,0
BRF:9
BRH:3
end_of_record
